--------------------------------------------------------------------------------
Release 14.7 Trace  (nt64)
Copyright (c) 1995-2013 Xilinx, Inc.  All rights reserved.

C:\Xilinx\14.7\ISE_DS\ISE\bin\nt64\unwrapped\trce.exe -intstyle ise -v 3 -s 3
-n 3 -fastpaths -xml FPGA1.twx FPGA1.ncd -o FPGA1.twr FPGA1.pcf -ucf FPGA1.ucf

Design file:              FPGA1.ncd
Physical constraint file: FPGA1.pcf
Device,package,speed:     xc6slx9,tqg144,C,-3 (PRODUCTION 1.23 2013-10-13)
Report level:             verbose report

Environment Variable      Effect 
--------------------      ------ 
NONE                      No environment variables were set
--------------------------------------------------------------------------------

INFO:Timing:2698 - No timing constraints found, doing default enumeration.
INFO:Timing:3412 - To improve timing, see the Timing Closure User Guide (UG612).
INFO:Timing:2752 - To get complete path coverage, use the unconstrained paths 
   option. All paths that are not constrained will be reported in the 
   unconstrained paths section(s) of the report.
INFO:Timing:3339 - The clock-to-out numbers in this timing report are based on 
   a 50 Ohm transmission line loading model.  For the details of this model, 
   and for more information on accounting for different loading conditions, 
   please see the device datasheet.



Data Sheet report:
-----------------
All values displayed in nanoseconds (ns)

Pad to Pad
---------------+---------------+---------+
Source Pad     |Destination Pad|  Delay  |
---------------+---------------+---------+
Switch         |LED<1>         |    8.364|
Switch         |o_switch       |    5.337|
down           |LED<4>         |    7.290|
down           |o_down         |    5.372|
left           |LED<2>         |    7.457|
left           |o_left         |    5.334|
release        |LED<0>         |    8.201|
release        |o_release      |    5.334|
right          |LED<3>         |    7.616|
right          |o_right        |    5.337|
up             |LED<5>         |    8.290|
up             |o_up           |    5.334|
---------------+---------------+---------+


Analysis completed Sun Dec 11 20:27:57 2022 
--------------------------------------------------------------------------------

Trace Settings:
-------------------------
Trace Settings 

Peak Memory Usage: 4569 MB



